<?xml version="1.0" encoding="UTF-8"?>
<!-- Generated by org.testng.reporters.JUnitReportReporter -->
<testsuite skipped="0" hostname="DELL-2D26CVB" name="crud_OperationWithBDD.UpdateProjectBDD" tests="1" failures="0" timestamp="20 Apr 2022 12:06:14 GMT" time="10.264" errors="0">
  <testcase name="updateProjectBDD" time="10.264" classname="crud_OperationWithBDD.UpdateProjectBDD"/>
</testsuite> <!-- crud_OperationWithBDD.UpdateProjectBDD -->
