<?xml version="1.0" encoding="UTF-8"?>
<!-- Generated by org.testng.reporters.JUnitReportReporter -->
<testsuite skipped="0" hostname="DELL-2D26CVB" name="auntentication.BasicAuth" tests="3" failures="0" timestamp="21 Apr 2022 12:33:18 GMT" time="10.811" errors="0">
  <testcase name="basicDigestiveAuth" time="0.750" classname="auntentication.BasicAuth"/>
  <testcase name="basicAuth" time="9.442" classname="auntentication.BasicAuth"/>
  <testcase name="basicPreEmptiveAuth" time="0.619" classname="auntentication.BasicAuth"/>
</testsuite> <!-- auntentication.BasicAuth -->
