<?xml version="1.0" encoding="UTF-8"?>
<!-- Generated by org.testng.reporters.JUnitReportReporter -->
<testsuite skipped="0" hostname="DELL-2D26CVB" name="crud_OperationWithoutBDD.GetSingleProject" tests="1" failures="0" timestamp="20 Apr 2022 09:22:37 GMT" time="11.767" errors="0">
  <testcase name="getSingleProject" time="11.767" classname="crud_OperationWithoutBDD.GetSingleProject"/>
</testsuite> <!-- crud_OperationWithoutBDD.GetSingleProject -->
