<?xml version="1.0" encoding="UTF-8"?>
<!-- Generated by org.testng.reporters.JUnitReportReporter -->
<testsuite skipped="0" hostname="DELL-2D26CVB" name="crud_OperationWithBDD.CreateProjectBDDTest" tests="1" failures="0" timestamp="20 Apr 2022 09:46:48 GMT" time="10.097" errors="0">
  <testcase name="createProjectBDDTest" time="10.097" classname="crud_OperationWithBDD.CreateProjectBDDTest"/>
</testsuite> <!-- crud_OperationWithBDD.CreateProjectBDDTest -->
