<?xml version="1.0" encoding="UTF-8"?>
<!-- Generated by org.testng.reporters.JUnitReportReporter -->
<testsuite skipped="0" hostname="DELL-2D26CVB" name="crud_OperationWithBDD.GetSingleProject" tests="1" failures="0" timestamp="20 Apr 2022 11:52:02 GMT" time="8.923" errors="0">
  <testcase name="getSingleProject" time="8.923" classname="crud_OperationWithBDD.GetSingleProject"/>
</testsuite> <!-- crud_OperationWithBDD.GetSingleProject -->
