<?xml version="1.0" encoding="UTF-8"?>
<!-- Generated by org.testng.reporters.JUnitReportReporter -->
<testsuite skipped="0" hostname="DELL-2D26CVB" name="parameters.ParametersTestForGIT" tests="1" failures="0" timestamp="21 Apr 2022 11:23:03 GMT" time="13.823" errors="0">
  <testcase name="parameterTest" time="13.823" classname="parameters.ParametersTestForGIT"/>
</testsuite> <!-- parameters.ParametersTestForGIT -->
