<?xml version="1.0" encoding="UTF-8"?>
<!-- Generated by org.testng.reporters.JUnitReportReporter -->
<testsuite skipped="0" hostname="DELL-2D26CVB" name="parameters.PathParameter" tests="1" failures="0" timestamp="21 Apr 2022 08:18:25 GMT" time="9.600" errors="0">
  <testcase name="pathparameter" time="9.600" classname="parameters.PathParameter"/>
</testsuite> <!-- parameters.PathParameter -->
