<?xml version="1.0" encoding="UTF-8"?>
<!-- Generated by org.testng.reporters.JUnitReportReporter -->
<testsuite skipped="0" hostname="DELL-2D26CVB" name="parameters.QueryParameter" tests="1" failures="0" timestamp="21 Apr 2022 08:21:22 GMT" time="11.375" errors="0">
  <testcase name="queryParameter" time="11.375" classname="parameters.QueryParameter"/>
</testsuite> <!-- parameters.QueryParameter -->
