<?xml version="1.0" encoding="UTF-8"?>
<!-- Generated by org.testng.reporters.JUnitReportReporter -->
<testsuite skipped="0" hostname="DELL-2D26CVB" name="crud_OperationWithBDD.DeleteProjectBDD" tests="1" failures="0" timestamp="21 Apr 2022 11:32:26 GMT" time="18.020" errors="0">
  <testcase name="deleteProjet" time="18.020" classname="crud_OperationWithBDD.DeleteProjectBDD"/>
</testsuite> <!-- crud_OperationWithBDD.DeleteProjectBDD -->
