<?xml version="1.0" encoding="UTF-8"?>
<!-- Generated by org.testng.reporters.JUnitReportReporter -->
<testsuite skipped="0" hostname="DELL-2D26CVB" name="differentwaysToPOST.CreateProjectusingJSONObject" tests="1" failures="0" timestamp="20 Apr 2022 11:30:30 GMT" time="10.584" errors="0">
  <testcase name="createProjectusingJSONObject" time="10.584" classname="differentwaysToPOST.CreateProjectusingJSONObject"/>
</testsuite> <!-- differentwaysToPOST.CreateProjectusingJSONObject -->
