<?xml version="1.0" encoding="UTF-8"?>
<!-- Generated by org.testng.reporters.JUnitReportReporter -->
<testsuite skipped="0" hostname="DELL-2D26CVB" name="dataDrivenTesting.CreateMultipleProjectsWithDiffData" tests="3" failures="0" timestamp="21 Apr 2022 07:35:50 GMT" time="11.134" errors="0">
  <testcase name="createMultipleProjectsWithDiffData" time="10.588" classname="dataDrivenTesting.CreateMultipleProjectsWithDiffData"/>
  <testcase name="createMultipleProjectsWithDiffData" time="0.218" classname="dataDrivenTesting.CreateMultipleProjectsWithDiffData"/>
  <testcase name="createMultipleProjectsWithDiffData" time="0.328" classname="dataDrivenTesting.CreateMultipleProjectsWithDiffData"/>
</testsuite> <!-- dataDrivenTesting.CreateMultipleProjectsWithDiffData -->
