<?xml version="1.0" encoding="UTF-8"?>
<!-- Generated by org.testng.reporters.JUnitReportReporter -->
<testsuite skipped="0" hostname="DELL-2D26CVB" name="responseValidation.StaticResponse" tests="1" failures="0" timestamp="21 Apr 2022 07:43:18 GMT" time="14.038" errors="0">
  <testcase name="staticResponse" time="14.038" classname="responseValidation.StaticResponse"/>
</testsuite> <!-- responseValidation.StaticResponse -->
