<?xml version="1.0" encoding="UTF-8"?>
<!-- Generated by org.testng.reporters.JUnitReportReporter -->
<testsuite skipped="0" hostname="DELL-2D26CVB" name="differentwaysToPOST.CreateProjectUsingPOJOClass" tests="1" failures="0" timestamp="21 Apr 2022 12:35:35 GMT" time="11.821" errors="0">
  <testcase name="createProjectUsingPOJOClass" time="11.821" classname="differentwaysToPOST.CreateProjectUsingPOJOClass"/>
</testsuite> <!-- differentwaysToPOST.CreateProjectUsingPOJOClass -->
