<?xml version="1.0" encoding="UTF-8"?>
<!-- Generated by org.testng.reporters.JUnitReportReporter -->
<testsuite skipped="0" hostname="DELL-2D26CVB" name="crud_OperationWithBDD.GetAllProjects" tests="1" failures="0" timestamp="20 Apr 2022 11:48:48 GMT" time="10.158" errors="0">
  <testcase name="GetAllProjects" time="10.158" classname="crud_OperationWithBDD.GetAllProjects"/>
</testsuite> <!-- crud_OperationWithBDD.GetAllProjects -->
