<?xml version="1.0" encoding="UTF-8"?>
<!-- Generated by org.testng.reporters.JUnitReportReporter -->
<testsuite skipped="0" hostname="DELL-2D26CVB" name="auntentication.Oauth2_0" tests="1" failures="0" timestamp="21 Apr 2022 12:22:36 GMT" time="16.909" errors="0">
  <testcase name="oauth2_0" time="16.909" classname="auntentication.Oauth2_0"/>
</testsuite> <!-- auntentication.Oauth2_0 -->
