<?xml version="1.0" encoding="UTF-8"?>
<!-- Generated by org.testng.reporters.JUnitReportReporter -->
<testsuite skipped="0" hostname="DELL-2D26CVB" name="crud_OperationWithoutBDD.CreateProjectTest" tests="1" failures="0" timestamp="20 Apr 2022 12:01:52 GMT" time="10.432" errors="0">
  <testcase name="createProjectTest" time="10.432" classname="crud_OperationWithoutBDD.CreateProjectTest"/>
</testsuite> <!-- crud_OperationWithoutBDD.CreateProjectTest -->
