<?xml version="1.0" encoding="UTF-8"?>
<!-- Generated by org.testng.reporters.JUnitReportReporter -->
<testsuite skipped="0" hostname="DELL-2D26CVB" name="parameters.FormParameter" tests="1" failures="0" timestamp="21 Apr 2022 12:40:33 GMT" time="8.907" errors="0">
  <testcase name="formParameter" time="8.907" classname="parameters.FormParameter"/>
</testsuite> <!-- parameters.FormParameter -->
