<?xml version="1.0" encoding="UTF-8"?>
<!-- Generated by org.testng.reporters.JUnitReportReporter -->
<testsuite skipped="0" hostname="DELL-2D26CVB" name="auntentication.BearerToken" tests="1" failures="0" timestamp="21 Apr 2022 11:42:17 GMT" time="11.982" errors="0">
  <testcase name="bearertoken" time="11.982" classname="auntentication.BearerToken"/>
</testsuite> <!-- auntentication.BearerToken -->
