<?xml version="1.0" encoding="UTF-8"?>
<!-- Generated by org.testng.reporters.JUnitReportReporter -->
<testsuite skipped="0" hostname="DELL-2D26CVB" name="responseValidation.DynamicResponse" tests="1" failures="0" timestamp="21 Apr 2022 07:50:30 GMT" time="12.120" errors="0">
  <testcase name="dynamicResponse" time="12.120" classname="responseValidation.DynamicResponse"/>
</testsuite> <!-- responseValidation.DynamicResponse -->
