<?xml version="1.0" encoding="UTF-8"?>
<!-- Generated by org.testng.reporters.JUnitReportReporter -->
<testsuite skipped="0" hostname="DELL-2D26CVB" name="parameter.PathParameter" tests="1" failures="0" timestamp="21 Apr 2022 08:11:14 GMT" time="13.595" errors="0">
  <testcase name="pathparameter" time="13.595" classname="parameter.PathParameter"/>
</testsuite> <!-- parameter.PathParameter -->
