<?xml version="1.0" encoding="UTF-8"?>
<!-- Generated by org.testng.reporters.JUnitReportReporter -->
<testsuite skipped="0" hostname="DELL-2D26CVB" name="crud_OperationWithoutBDD.GetAllProjectsTest" tests="1" failures="0" timestamp="20 Apr 2022 09:25:44 GMT" time="11.087" errors="0">
  <testcase name="getAllProjects" time="11.087" classname="crud_OperationWithoutBDD.GetAllProjectsTest"/>
</testsuite> <!-- crud_OperationWithoutBDD.GetAllProjectsTest -->
