<?xml version="1.0" encoding="UTF-8"?>
<!-- Generated by org.testng.reporters.JUnitReportReporter -->
<testsuite skipped="0" hostname="DELL-2D26CVB" name="responseValidation.StaticResponseGet" tests="1" failures="0" timestamp="21 Apr 2022 08:01:59 GMT" time="12.478" errors="0">
  <testcase name="staticResponseGet" time="12.478" classname="responseValidation.StaticResponseGet"/>
</testsuite> <!-- responseValidation.StaticResponseGet -->
