<?xml version="1.0" encoding="UTF-8"?>
<!-- Generated by org.testng.reporters.JUnitReportReporter -->
<testsuite skipped="0" hostname="DELL-2D26CVB" name="crud_OperationWithoutBDD.UpdateProjectTest" tests="1" failures="0" timestamp="20 Apr 2022 09:36:37 GMT" time="11.850" errors="0">
  <testcase name="updateProject" time="11.850" classname="crud_OperationWithoutBDD.UpdateProjectTest"/>
</testsuite> <!-- crud_OperationWithoutBDD.UpdateProjectTest -->
