<?xml version="1.0" encoding="UTF-8"?>
<!-- Generated by org.testng.reporters.JUnitReportReporter -->
<testsuite skipped="0" hostname="DELL-2D26CVB" name="crud_OperationWithBDD.GetAllProjectsBDD" tests="1" failures="0" timestamp="21 Apr 2022 11:27:35 GMT" time="13.287" errors="0">
  <testcase name="GetAllProjects" time="13.287" classname="crud_OperationWithBDD.GetAllProjectsBDD"/>
</testsuite> <!-- crud_OperationWithBDD.GetAllProjectsBDD -->
