<?xml version="1.0" encoding="UTF-8"?>
<!-- Generated by org.testng.reporters.JUnitReportReporter -->
<testsuite skipped="0" hostname="DELL-2D26CVB" name="differentwaysToPOST.CreateProjectUsingJSONFile" tests="1" failures="0" timestamp="20 Apr 2022 11:24:07 GMT" time="11.839" errors="0">
  <testcase name="createProjectUsingJSONFile" time="11.839" classname="differentwaysToPOST.CreateProjectUsingJSONFile"/>
</testsuite> <!-- differentwaysToPOST.CreateProjectUsingJSONFile -->
